In maincall:
verbose: True
debug: True
Loading universe model...
Loading media library...
Scoring reactions...
Reconstructing a single model
In carve_model:
debug_output: carveme_model
Gap filling for mbm_glc__D, l1_glc__D, mbm_ac, l1_ac...
Added 78 reactions and 38 metabolites
Done.
In maincall:
verbose: True
debug: True
Loading universe model...
Loading media library...
Scoring reactions...
Reconstructing a single model
In carve_model:
debug_output: carveme_model
Gap filling for mbm_glc__D, l1_glc__D, mbm_ac, l1_ac...
Added 74 reactions and 35 metabolites
Done.
